Startpoint: _48_ (rising edge-triggered flip-flop clocked by MYCLK)
Endpoint: _48_ (rising edge-triggered flip-flop clocked by MYCLK)
Path Group: MYCLK
Path Type: min

Fanout       Cap      Slew     Delay      Time   Description
-------------------------------------------------------------------------------------
                    0.0000    0.0000    0.0000   clock MYCLK (rise edge)
                              3.0000    3.0000   clock network delay (ideal)
                    0.0000    0.0000    3.0000 ^ _48_/CLK (sky130_fd_sc_hd__dfrtp_1)
                    0.5045    0.7242    3.7242 v _48_/Q (sky130_fd_sc_hd__dfrtp_1)
     4    0.1078                                 counter_up_down[0] (net)
                    0.5045    0.0000    3.7242 v _34_/A (sky130_fd_sc_hd__clkinv_1)
                    0.1297    0.1751    3.8993 ^ _34_/Y (sky130_fd_sc_hd__clkinv_1)
     2    0.0067                                 _09_ (net)
                    0.1297    0.0000    3.8993 ^ _48_/D (sky130_fd_sc_hd__dfrtp_1)
                                        3.8993   data arrival time

                    0.0000    0.0000    0.0000   clock MYCLK (rise edge)
                              3.0000    3.0000   clock network delay (ideal)
                              0.1000    3.1000   clock uncertainty
                              0.0000    3.1000   clock reconvergence pessimism
                                        3.1000 ^ _48_/CLK (sky130_fd_sc_hd__dfrtp_1)
                             -0.0588    3.0412   library hold time
                                        3.0412   data required time
-------------------------------------------------------------------------------------
                                        3.0412   data required time
                                       -3.8993   data arrival time
-------------------------------------------------------------------------------------
                                        0.8581   slack (MET)


Startpoint: up_down (input port clocked by MYCLK)
Endpoint: _51_ (rising edge-triggered flip-flop clocked by MYCLK)
Path Group: MYCLK
Path Type: max

Fanout       Cap      Slew     Delay      Time   Description
-------------------------------------------------------------------------------------
                    0.0000    0.0000    0.0000   clock MYCLK (rise edge)
                              3.0000    3.0000   clock network delay (ideal)
                              4.0000    7.0000 v input external delay
                    0.5000    0.0000    7.0000 v up_down (in)
     5    0.0152                                 up_down (net)
                    0.5000    0.0000    7.0000 v _39_/B (sky130_fd_sc_hd__maj3_1)
                    0.0878    0.5340    7.5340 v _39_/X (sky130_fd_sc_hd__maj3_1)
     2    0.0065                                 _23_ (net)
                    0.0878    0.0000    7.5340 v _43_/A3 (sky130_fd_sc_hd__o31a_1)
                    0.0609    0.2568    7.7908 v _43_/X (sky130_fd_sc_hd__o31a_1)
     1    0.0045                                 _26_ (net)
                    0.0609    0.0000    7.7908 v _44_/B (sky130_fd_sc_hd__xnor2_1)
                    0.1421    0.1187    7.9096 v _44_/Y (sky130_fd_sc_hd__xnor2_1)
     1    0.0019                                 _12_ (net)
                    0.1421    0.0000    7.9096 v _51_/D (sky130_fd_sc_hd__dfrtp_1)
                                        7.9096   data arrival time

                    0.0000   10.0000   10.0000   clock MYCLK (rise edge)
                              3.0000   13.0000   clock network delay (ideal)
                             -0.5000   12.5000   clock uncertainty
                              0.0000   12.5000   clock reconvergence pessimism
                                       12.5000 ^ _51_/CLK (sky130_fd_sc_hd__dfrtp_1)
                             -0.1670   12.3330   library setup time
                                       12.3330   data required time
-------------------------------------------------------------------------------------
                                       12.3330   data required time
                                       -7.9096   data arrival time
-------------------------------------------------------------------------------------
                                        4.4234   slack (MET)


tns 0.00
