Startpoint: up_down (input port clocked by MYCLK)
Endpoint: _49_ (rising edge-triggered flip-flop clocked by MYCLK)
Path Group: MYCLK
Path Type: min

Fanout       Cap      Slew     Delay      Time   Description
-------------------------------------------------------------------------------------
                    0.0000    0.0000    0.0000   clock MYCLK (rise edge)
                              3.0000    3.0000   clock network delay (ideal)
                              1.0000    4.0000 ^ input external delay
                    0.1000    0.0000    4.0000 ^ up_down (in)
     5    0.0163                                 up_down (net)
                    0.1000    0.0000    4.0000 ^ _37_/A (sky130_fd_sc_hd__xor2_1)
                    0.0820    0.1563    4.1563 v _37_/X (sky130_fd_sc_hd__xor2_1)
     1    0.0044                                 _22_ (net)
                    0.0820    0.0000    4.1563 v _38_/B (sky130_fd_sc_hd__xnor2_1)
                    0.0639    0.1914    4.3477 ^ _38_/Y (sky130_fd_sc_hd__xnor2_1)
     1    0.0019                                 _10_ (net)
                    0.0639    0.0000    4.3477 ^ _49_/D (sky130_fd_sc_hd__dfrtp_1)
                                        4.3477   data arrival time

                    0.0000    0.0000    0.0000   clock MYCLK (rise edge)
                              3.0000    3.0000   clock network delay (ideal)
                              0.1000    3.1000   clock uncertainty
                              0.0000    3.1000   clock reconvergence pessimism
                                        3.1000 ^ _49_/CLK (sky130_fd_sc_hd__dfrtp_1)
                             -0.0870    3.0130   library hold time
                                        3.0130   data required time
-------------------------------------------------------------------------------------
                                        3.0130   data required time
                                       -4.3477   data arrival time
-------------------------------------------------------------------------------------
                                        1.3347   slack (MET)


Startpoint: up_down (input port clocked by MYCLK)
Endpoint: _51_ (rising edge-triggered flip-flop clocked by MYCLK)
Path Group: MYCLK
Path Type: max

Fanout       Cap      Slew     Delay      Time   Description
-------------------------------------------------------------------------------------
                    0.0000    0.0000    0.0000   clock MYCLK (rise edge)
                              3.0000    3.0000   clock network delay (ideal)
                              4.0000    7.0000 v input external delay
                    0.5000    0.0000    7.0000 v up_down (in)
     5    0.0151                                 up_down (net)
                    0.5000    0.0000    7.0000 v _39_/B (sky130_fd_sc_hd__maj3_1)
                    0.1846    0.9610    7.9610 v _39_/X (sky130_fd_sc_hd__maj3_1)
     2    0.0065                                 _23_ (net)
                    0.1846    0.0000    7.9610 v _43_/A3 (sky130_fd_sc_hd__o31a_1)
                    0.1116    0.5134    8.4744 v _43_/X (sky130_fd_sc_hd__o31a_1)
     1    0.0044                                 _26_ (net)
                    0.1116    0.0000    8.4744 v _44_/B (sky130_fd_sc_hd__xnor2_1)
                    0.2265    0.2096    8.6840 v _44_/Y (sky130_fd_sc_hd__xnor2_1)
     1    0.0018                                 _12_ (net)
                    0.2265    0.0000    8.6840 v _51_/D (sky130_fd_sc_hd__dfrtp_1)
                                        8.6840   data arrival time

                    0.0000   10.0000   10.0000   clock MYCLK (rise edge)
                              3.0000   13.0000   clock network delay (ideal)
                             -0.5000   12.5000   clock uncertainty
                              0.0000   12.5000   clock reconvergence pessimism
                                       12.5000 ^ _51_/CLK (sky130_fd_sc_hd__dfrtp_1)
                             -0.3606   12.1394   library setup time
                                       12.1394   data required time
-------------------------------------------------------------------------------------
                                       12.1394   data required time
                                       -8.6840   data arrival time
-------------------------------------------------------------------------------------
                                        3.4554   slack (MET)


tns 0.00
